<?xml version="1.0" encoding="UTF-8"?>
<testsuite xmlns:xsi="http://www.w3.org/2001/XMLSchema-instance" xsi:noNamespaceSchemaLocation="https://maven.apache.org/surefire/maven-surefire-plugin/xsd/surefire-test-report.xsd" name="com.thermalark.service.IoTDataServiceTest" time="0.003" tests="1" errors="1" skipped="0" failures="0">
  <properties>
[...]
</properties>
  <testcase name="com.thermalark.service.IoTDataServiceTest" classname="com.thermalark.service.IoTDataServiceTest" time="0.003">
    <error message="LIoTDataService;" type="java.lang.NoClassDefFoundError">java.lang.NoClassDefFoundError: LIoTDataService;
Caused by: java.lang.ClassNotFoundException: IoTDataService
</error>
  </testcase>
</testsuite>